c:\bonch\spbct\spbct_lapppd\laba17\directory\x64\debug\directory.pch
c:\bonch\spbct\spbct_lapppd\laba17\directory\x64\debug\vc142.pdb
c:\bonch\spbct\spbct_lapppd\laba17\directory\x64\debug\pch.obj
c:\bonch\spbct\spbct_lapppd\laba17\directory\x64\debug\directory.obj
c:\bonch\spbct\spbct_lapppd\laba17\directory\x64\debug\assemblyinfo.obj
c:\bonch\spbct\spbct_lapppd\laba17\directory\x64\debug\.netframework,version=v4.7.2.assemblyattributes.obj
c:\bonch\spbct\spbct_lapppd\laba17\directory\x64\debug\directory.exe
c:\bonch\spbct\spbct_lapppd\laba17\directory\x64\debug\directory.pdb
c:\bonch\spbct\spbct_lapppd\laba17\directory\x64\debug\app.res
c:\bonch\spbct\spbct_lapppd\laba17\directory\x64\debug\directory.exe.metagen
c:\bonch\spbct\spbct_lapppd\laba17\directory\x64\debug\directory.tlog\cl.command.1.tlog
c:\bonch\spbct\spbct_lapppd\laba17\directory\x64\debug\directory.tlog\cl.read.1.tlog
c:\bonch\spbct\spbct_lapppd\laba17\directory\x64\debug\directory.tlog\cl.write.1.tlog
c:\bonch\spbct\spbct_lapppd\laba17\directory\x64\debug\directory.tlog\link.command.1.tlog
c:\bonch\spbct\spbct_lapppd\laba17\directory\x64\debug\directory.tlog\link.read.1.tlog
c:\bonch\spbct\spbct_lapppd\laba17\directory\x64\debug\directory.tlog\link.write.1.tlog
c:\bonch\spbct\spbct_lapppd\laba17\directory\x64\debug\directory.tlog\metagen.read.1.tlog
c:\bonch\spbct\spbct_lapppd\laba17\directory\x64\debug\directory.tlog\metagen.write.1.tlog
c:\bonch\spbct\spbct_lapppd\laba17\directory\x64\debug\directory.tlog\rc.command.1.tlog
c:\bonch\spbct\spbct_lapppd\laba17\directory\x64\debug\directory.tlog\rc.read.1.tlog
c:\bonch\spbct\spbct_lapppd\laba17\directory\x64\debug\directory.tlog\rc.write.1.tlog
